This file contains any messages produced by compilers while
running configure, to aid debugging if configure makes a mistake.

It was created by Yambo configure 4.0.2 r.3451 h.3bfefb5 , which was
generated by GNU Autoconf 2.69.  Invocation command line was

  $ ./configure FC=gfortran --with-p2y-version=5.0 --enable-keep-extlibs --enable-iotk --with-iotk-libdir=/home/marini/Yambo/yambo/LIBs/gf --with-iotk-includedir=/home/marini/Yambo/yambo/INCLUDEs/gf --with-libxc-libdir=/home/marini/Yambo/yambo/LIBs/gf --with-libxc-includedir=/home/marini/Yambo/yambo/INCLUDEs/gf --with-blas-libs=/home/marini/Yambo/yambo/LIBs/gf/libblas.a --with-lapack-libs=/home/marini/Yambo/yambo/LIBs/gf/liblapack.a --enable-time-profile=yes --enable-msgs-comps=yes --with-netcdf-libdir=/home/marini/Yambo/yambo/LIBs/gf --with-netcdf-includedir=/home/marini/Yambo/yambo/INCLUDEs/gf --with-fft-libs=none --with-fft-libdir=/opt/fftw-3.3.4/lib --with-fft-includedir=/opt/fftw-3.3.4/include --enable-open-mp=no

## --------- ##
## Platform. ##
## --------- ##

hostname = anomaly
uname -m = x86_64
uname -r = 4.4.0-0.bpo.1-amd64
uname -s = Linux
uname -v = #1 SMP Debian 4.4.6-1~bpo8+1 (2016-03-20)

/usr/bin/uname -p = unknown
/bin/uname -X     = unknown

/bin/arch              = unknown
/usr/bin/arch -k       = unknown
/usr/convex/getsysinfo = unknown
/usr/bin/hostinfo      = unknown
/bin/machine           = unknown
/usr/bin/oslevel       = unknown
/bin/universe          = unknown

PATH: /opt/intel/Compiler/11.1/073/bin/intel64
PATH: /opt/intel/Compiler/11.1/073/bin/intel64
PATH: /usr/local/bin
PATH: /usr/bin
PATH: /bin
PATH: /usr/local/games
PATH: /usr/games
PATH: .
PATH: /home/marini/bin/codes
PATH: /home/marini/bin/scripts
PATH: /home/marini/bin/others
PATH: /opt/mpich/bin
PATH: /opt/openmpi/bin
PATH: /opt/netcdf/bin
PATH: /scratch/marini/PRODUCTION/bin
PATH: .
PATH: /home/marini/bin/codes
PATH: /home/marini/bin/scripts
PATH: /home/marini/bin/others
PATH: /opt/mpich/bin
PATH: /opt/openmpi/bin
PATH: /opt/netcdf/bin
PATH: /scratch/marini/PRODUCTION/bin


## ----------- ##
## Core tests. ##
## ----------- ##

configure:3028: checking for gcc
configure:3044: found /usr/bin/gcc
configure:3055: result: gcc
configure:3284: checking for C compiler version
configure:3293: gcc --version >&5
gcc (Debian 4.9.2-21) 4.9.2
Copyright (C) 2014 Free Software Foundation, Inc.
This is free software; see the source for copying conditions.  There is NO
warranty; not even for MERCHANTABILITY or FITNESS FOR A PARTICULAR PURPOSE.

configure:3304: $? = 0
configure:3293: gcc -v >&5
Using built-in specs.
COLLECT_GCC=gcc
COLLECT_LTO_WRAPPER=/usr/lib/gcc/x86_64-linux-gnu/4.9/lto-wrapper
Target: x86_64-linux-gnu
Configured with: ../src/configure -v --with-pkgversion='Debian 4.9.2-21' --with-bugurl=file:///usr/share/doc/gcc-4.9/README.Bugs --enable-languages=c,c++,java,go,d,fortran,objc,obj-c++ --prefix=/usr --program-suffix=-4.9 --enable-shared --enable-linker-build-id --libexecdir=/usr/lib --without-included-gettext --enable-threads=posix --with-gxx-include-dir=/usr/include/c++/4.9 --libdir=/usr/lib --enable-nls --with-sysroot=/ --enable-clocale=gnu --enable-libstdcxx-debug --enable-libstdcxx-time=yes --enable-gnu-unique-object --disable-vtable-verify --enable-plugin --with-system-zlib --disable-browser-plugin --enable-java-awt=gtk --enable-gtk-cairo --with-java-home=/usr/lib/jvm/java-1.5.0-gcj-4.9-amd64/jre --enable-java-home --with-jvm-root-dir=/usr/lib/jvm/java-1.5.0-gcj-4.9-amd64 --with-jvm-jar-dir=/usr/lib/jvm-exports/java-1.5.0-gcj-4.9-amd64 --with-arch-directory=amd64 --with-ecj-jar=/usr/share/java/eclipse-ecj.jar --enable-objc-gc --enable-multiarch --with-arch-32=i586 --with-abi=m64 --with-multilib-list=m32,m64,mx32 --enable-multilib --with-tune=generic --enable-checking=release --build=x86_64-linux-gnu --host=x86_64-linux-gnu --target=x86_64-linux-gnu
Thread model: posix
gcc version 4.9.2 (Debian 4.9.2-21) 
configure:3304: $? = 0
configure:3293: gcc -V >&5
gcc: error: unrecognized command line option '-V'
gcc: fatal error: no input files
compilation terminated.
configure:3304: $? = 4
configure:3293: gcc -qversion >&5
gcc: error: unrecognized command line option '-qversion'
gcc: fatal error: no input files
compilation terminated.
configure:3304: $? = 4
configure:3324: checking whether the C compiler works
configure:3346: gcc    conftest.c  >&5
configure:3350: $? = 0
configure:3398: result: yes
configure:3401: checking for C compiler default output file name
configure:3403: result: a.out
configure:3409: checking for suffix of executables
configure:3416: gcc -o conftest    conftest.c  >&5
configure:3420: $? = 0
configure:3442: result: 
configure:3464: checking whether we are cross compiling
configure:3472: gcc -o conftest    conftest.c  >&5
configure:3476: $? = 0
configure:3483: ./conftest
configure:3487: $? = 0
configure:3502: result: no
configure:3507: checking for suffix of object files
configure:3529: gcc -c   conftest.c >&5
configure:3533: $? = 0
configure:3554: result: o
configure:3558: checking whether we are using the GNU C compiler
configure:3577: gcc -c   conftest.c >&5
configure:3577: $? = 0
configure:3586: result: yes
configure:3595: checking whether gcc accepts -g
configure:3615: gcc -c -g  conftest.c >&5
configure:3615: $? = 0
configure:3656: result: yes
configure:3673: checking for gcc option to accept ISO C89
configure:3736: gcc  -c -g -O2  conftest.c >&5
configure:3736: $? = 0
configure:3749: result: none needed
configure:3775: checking how to run the C preprocessor
configure:3845: result: gcc -E -P
configure:3865: gcc -E -P  conftest.c
configure:3865: $? = 0
configure:3879: gcc -E -P  conftest.c
conftest.c:9:28: fatal error: ac_nonexistent.h: No such file or directory
 #include <ac_nonexistent.h>
                            ^
compilation terminated.
configure:3879: $? = 1
configure: failed program was:
| /* confdefs.h */
| #define PACKAGE_NAME "Yambo"
| #define PACKAGE_TARNAME "yambo"
| #define PACKAGE_VERSION "4.0.2 r.3451 h.3bfefb5 "
| #define PACKAGE_STRING "Yambo 4.0.2 r.3451 h.3bfefb5 "
| #define PACKAGE_BUGREPORT "yambo@yambo-code.org"
| #define PACKAGE_URL ""
| /* end confdefs.h.  */
| #include <ac_nonexistent.h>
configure:3908: checking for grep that handles long lines and -e
configure:3966: result: /bin/grep
configure:3971: checking for egrep
configure:4033: result: /bin/grep -E
configure:4038: checking for ANSI C header files
configure:4058: gcc -c -g -O2  conftest.c >&5
configure:4058: $? = 0
configure:4131: gcc -o conftest -g -O2   conftest.c  >&5
configure:4131: $? = 0
configure:4131: ./conftest
configure:4131: $? = 0
configure:4142: result: yes
configure:4155: checking for sys/types.h
configure:4155: gcc -c -g -O2  conftest.c >&5
configure:4155: $? = 0
configure:4155: result: yes
configure:4155: checking for sys/stat.h
configure:4155: gcc -c -g -O2  conftest.c >&5
configure:4155: $? = 0
configure:4155: result: yes
configure:4155: checking for stdlib.h
configure:4155: gcc -c -g -O2  conftest.c >&5
configure:4155: $? = 0
configure:4155: result: yes
configure:4155: checking for string.h
configure:4155: gcc -c -g -O2  conftest.c >&5
configure:4155: $? = 0
configure:4155: result: yes
configure:4155: checking for memory.h
configure:4155: gcc -c -g -O2  conftest.c >&5
configure:4155: $? = 0
configure:4155: result: yes
configure:4155: checking for strings.h
configure:4155: gcc -c -g -O2  conftest.c >&5
configure:4155: $? = 0
configure:4155: result: yes
configure:4155: checking for inttypes.h
configure:4155: gcc -c -g -O2  conftest.c >&5
configure:4155: $? = 0
configure:4155: result: yes
configure:4155: checking for stdint.h
configure:4155: gcc -c -g -O2  conftest.c >&5
configure:4155: $? = 0
configure:4155: result: yes
configure:4155: checking for unistd.h
configure:4155: gcc -c -g -O2  conftest.c >&5
configure:4155: $? = 0
configure:4155: result: yes
configure:4170: checking malloc.h usability
configure:4170: gcc -c -g -O2  conftest.c >&5
configure:4170: $? = 0
configure:4170: result: yes
configure:4170: checking malloc.h presence
configure:4170: gcc -E -P  conftest.c
configure:4170: $? = 0
configure:4170: result: yes
configure:4170: checking for malloc.h
configure:4170: result: yes
configure:4170: checking for stdlib.h
configure:4170: result: yes
configure:4170: checking for unistd.h
configure:4170: result: yes
configure:4170: checking for string.h
configure:4170: result: yes
configure:4170: checking sys/time.h usability
configure:4170: gcc -c -g -O2  conftest.c >&5
configure:4170: $? = 0
configure:4170: result: yes
configure:4170: checking sys/time.h presence
configure:4170: gcc -E -P  conftest.c
configure:4170: $? = 0
configure:4170: result: yes
configure:4170: checking for sys/time.h
configure:4170: result: yes
configure:4180: checking for size_t
configure:4180: gcc -c -g -O2  conftest.c >&5
configure:4180: $? = 0
configure:4180: gcc -c -g -O2  conftest.c >&5
conftest.c: In function 'main':
conftest.c:60:21: error: expected expression before ')' token
 if (sizeof ((size_t)))
                     ^
configure:4180: $? = 1
configure: failed program was:
| /* confdefs.h */
| #define PACKAGE_NAME "Yambo"
| #define PACKAGE_TARNAME "yambo"
| #define PACKAGE_VERSION "4.0.2 r.3451 h.3bfefb5 "
| #define PACKAGE_STRING "Yambo 4.0.2 r.3451 h.3bfefb5 "
| #define PACKAGE_BUGREPORT "yambo@yambo-code.org"
| #define PACKAGE_URL ""
| #define STDC_HEADERS 1
| #define HAVE_SYS_TYPES_H 1
| #define HAVE_SYS_STAT_H 1
| #define HAVE_STDLIB_H 1
| #define HAVE_STRING_H 1
| #define HAVE_MEMORY_H 1
| #define HAVE_STRINGS_H 1
| #define HAVE_INTTYPES_H 1
| #define HAVE_STDINT_H 1
| #define HAVE_UNISTD_H 1
| #define HAVE_MALLOC_H 1
| #define HAVE_STDLIB_H 1
| #define HAVE_UNISTD_H 1
| #define HAVE_STRING_H 1
| #define HAVE_SYS_TIME_H 1
| /* end confdefs.h.  */
| #include <stdio.h>
| #ifdef HAVE_SYS_TYPES_H
| # include <sys/types.h>
| #endif
| #ifdef HAVE_SYS_STAT_H
| # include <sys/stat.h>
| #endif
| #ifdef STDC_HEADERS
| # include <stdlib.h>
| # include <stddef.h>
| #else
| # ifdef HAVE_STDLIB_H
| #  include <stdlib.h>
| # endif
| #endif
| #ifdef HAVE_STRING_H
| # if !defined STDC_HEADERS && defined HAVE_MEMORY_H
| #  include <memory.h>
| # endif
| # include <string.h>
| #endif
| #ifdef HAVE_STRINGS_H
| # include <strings.h>
| #endif
| #ifdef HAVE_INTTYPES_H
| # include <inttypes.h>
| #endif
| #ifdef HAVE_STDINT_H
| # include <stdint.h>
| #endif
| #ifdef HAVE_UNISTD_H
| # include <unistd.h>
| #endif
| int
| main ()
| {
| if (sizeof ((size_t)))
| 	    return 0;
|   ;
|   return 0;
| }
configure:4180: result: yes
configure:4193: checking for working alloca.h
configure:4210: gcc -o conftest -g -O2   conftest.c  >&5
configure:4210: $? = 0
configure:4218: result: yes
configure:4226: checking for alloca
configure:4263: gcc -o conftest -g -O2   conftest.c  >&5
configure:4263: $? = 0
configure:4271: result: yes
configure:4377: checking for an ANSI C-conforming const
configure:4443: gcc -c -g -O2  conftest.c >&5
configure:4443: $? = 0
configure:4450: result: yes
configure:4458: checking for inline
configure:4474: gcc -c -g -O2  conftest.c >&5
configure:4474: $? = 0
configure:4482: result: inline
configure:4502: checking for stdlib.h
configure:4502: result: yes
configure:4512: checking for GNU libc compatible malloc
configure:4536: gcc -o conftest -g -O2   conftest.c  >&5
configure:4536: $? = 0
configure:4536: ./conftest
configure:4536: $? = 0
configure:4546: result: yes
configure:4569: checking for stdlib.h
configure:4569: result: yes
configure:4579: checking for GNU libc compatible realloc
configure:4603: gcc -o conftest -g -O2   conftest.c  >&5
configure:4603: $? = 0
configure:4603: ./conftest
configure:4603: $? = 0
configure:4613: result: yes
configure:4641: checking whether lstat correctly handles trailing slash
configure:4667: gcc -o conftest -g -O2   conftest.c  >&5
configure:4667: $? = 0
configure:4667: ./conftest
configure:4667: $? = 0
configure:4684: result: yes
configure:4703: checking whether stat accepts an empty string
configure:4723: gcc -o conftest -g -O2   conftest.c  >&5
configure:4723: $? = 0
configure:4723: ./conftest
configure:4723: $? = 0
configure:4733: result: no
configure:4749: checking whether make sets $(MAKE)
configure:4771: result: yes
configure:4784: checking for the size of a pointer
configure:4796: gcc -g -O2 -o pointertest.x pointertest.c 1>&5
configure:4799: $? = 0
configure:4815: result: 8 bytes
configure:4873: checking for gcc
configure:4900: result: gcc
configure:5129: checking for C compiler version
configure:5138: gcc --version >&5
gcc (Debian 4.9.2-21) 4.9.2
Copyright (C) 2014 Free Software Foundation, Inc.
This is free software; see the source for copying conditions.  There is NO
warranty; not even for MERCHANTABILITY or FITNESS FOR A PARTICULAR PURPOSE.

configure:5149: $? = 0
configure:5138: gcc -v >&5
Using built-in specs.
COLLECT_GCC=gcc
COLLECT_LTO_WRAPPER=/usr/lib/gcc/x86_64-linux-gnu/4.9/lto-wrapper
Target: x86_64-linux-gnu
Configured with: ../src/configure -v --with-pkgversion='Debian 4.9.2-21' --with-bugurl=file:///usr/share/doc/gcc-4.9/README.Bugs --enable-languages=c,c++,java,go,d,fortran,objc,obj-c++ --prefix=/usr --program-suffix=-4.9 --enable-shared --enable-linker-build-id --libexecdir=/usr/lib --without-included-gettext --enable-threads=posix --with-gxx-include-dir=/usr/include/c++/4.9 --libdir=/usr/lib --enable-nls --with-sysroot=/ --enable-clocale=gnu --enable-libstdcxx-debug --enable-libstdcxx-time=yes --enable-gnu-unique-object --disable-vtable-verify --enable-plugin --with-system-zlib --disable-browser-plugin --enable-java-awt=gtk --enable-gtk-cairo --with-java-home=/usr/lib/jvm/java-1.5.0-gcj-4.9-amd64/jre --enable-java-home --with-jvm-root-dir=/usr/lib/jvm/java-1.5.0-gcj-4.9-amd64 --with-jvm-jar-dir=/usr/lib/jvm-exports/java-1.5.0-gcj-4.9-amd64 --with-arch-directory=amd64 --with-ecj-jar=/usr/share/java/eclipse-ecj.jar --enable-objc-gc --enable-multiarch --with-arch-32=i586 --with-abi=m64 --with-multilib-list=m32,m64,mx32 --enable-multilib --with-tune=generic --enable-checking=release --build=x86_64-linux-gnu --host=x86_64-linux-gnu --target=x86_64-linux-gnu
Thread model: posix
gcc version 4.9.2 (Debian 4.9.2-21) 
configure:5149: $? = 0
configure:5138: gcc -V >&5
gcc: error: unrecognized command line option '-V'
gcc: fatal error: no input files
compilation terminated.
configure:5149: $? = 4
configure:5138: gcc -qversion >&5
gcc: error: unrecognized command line option '-qversion'
gcc: fatal error: no input files
compilation terminated.
configure:5149: $? = 4
configure:5153: checking whether we are using the GNU C compiler
configure:5181: result: yes
configure:5190: checking whether gcc accepts -g
configure:5251: result: yes
configure:5268: checking for gcc option to accept ISO C89
configure:5344: result: none needed
configure:5369: checking build system type
configure:5383: result: x86_64-unknown-linux-gnu
configure:5403: checking host system type
configure:5416: result: x86_64-unknown-linux-gnu
configure:5452: checking for vim
configure:5468: found /usr/bin/vim
configure:5479: result: vim
configure:5496: checking for GNU make
configure:5511: result: make
configure:5582: checking for ar
configure:5598: found /usr/bin/ar
configure:5609: result: ar
configure:5903: checking for Fortran compiler version
configure:5912: gfortran --version >&5
GNU Fortran (Debian 4.9.2-21) 4.9.2
Copyright (C) 2014 Free Software Foundation, Inc.

GNU Fortran comes with NO WARRANTY, to the extent permitted by law.
You may redistribute copies of GNU Fortran
under the terms of the GNU General Public License.
For more information about these matters, see the file named COPYING

configure:5923: $? = 0
configure:5912: gfortran -v >&5
Using built-in specs.
COLLECT_GCC=gfortran
COLLECT_LTO_WRAPPER=/usr/lib/gcc/x86_64-linux-gnu/4.9/lto-wrapper
Target: x86_64-linux-gnu
Configured with: ../src/configure -v --with-pkgversion='Debian 4.9.2-21' --with-bugurl=file:///usr/share/doc/gcc-4.9/README.Bugs --enable-languages=c,c++,java,go,d,fortran,objc,obj-c++ --prefix=/usr --program-suffix=-4.9 --enable-shared --enable-linker-build-id --libexecdir=/usr/lib --without-included-gettext --enable-threads=posix --with-gxx-include-dir=/usr/include/c++/4.9 --libdir=/usr/lib --enable-nls --with-sysroot=/ --enable-clocale=gnu --enable-libstdcxx-debug --enable-libstdcxx-time=yes --enable-gnu-unique-object --disable-vtable-verify --enable-plugin --with-system-zlib --disable-browser-plugin --enable-java-awt=gtk --enable-gtk-cairo --with-java-home=/usr/lib/jvm/java-1.5.0-gcj-4.9-amd64/jre --enable-java-home --with-jvm-root-dir=/usr/lib/jvm/java-1.5.0-gcj-4.9-amd64 --with-jvm-jar-dir=/usr/lib/jvm-exports/java-1.5.0-gcj-4.9-amd64 --with-arch-directory=amd64 --with-ecj-jar=/usr/share/java/eclipse-ecj.jar --enable-objc-gc --enable-multiarch --with-arch-32=i586 --with-abi=m64 --with-multilib-list=m32,m64,mx32 --enable-multilib --with-tune=generic --enable-checking=release --build=x86_64-linux-gnu --host=x86_64-linux-gnu --target=x86_64-linux-gnu
Thread model: posix
gcc version 4.9.2 (Debian 4.9.2-21) 
configure:5923: $? = 0
configure:5912: gfortran -V >&5
gfortran: error: unrecognized command line option '-V'
gfortran: fatal error: no input files
compilation terminated.
configure:5923: $? = 4
configure:5912: gfortran -qversion >&5
gfortran: error: unrecognized command line option '-qversion'
gfortran: fatal error: no input files
compilation terminated.
configure:5923: $? = 4
configure:5932: checking whether we are using the GNU Fortran compiler
configure:5945: gfortran -c   conftest.F >&5
configure:5945: $? = 0
configure:5954: result: yes
configure:5960: checking whether gfortran accepts -g
configure:5971: gfortran -c -g  conftest.f >&5
configure:5971: $? = 0
configure:5979: result: yes
configure:6015: checking if the current OS is supported
configure:6064: result: yes
configure:6067: WIDESETUP: using build_os="linux"
configure:6069: WIDESETUP: using F90SUFFIX=".f90"
configure:6071: WIDESETUP: using AR="ar"
configure:6073: WIDESETUP: using AR_FLAGS="-ru"
configure:6102: checking for Fortran flag to compile .f90 files
configure:6122: gfortran -c -g -O2  conftest.f90 >&5
configure:6122: $? = 0
configure:6131: result: none
configure:6268: checking for gfortran version
configure:6270: result: unknown
configure:6529: checking for specific gfortran flags
configure:6533: result: -g -O3 -mtune=native
configure:6539: checking for specific Open-MP flags
configure:6541: result: -fopenmp
configure:6544: checking for specific gcc flags
configure:6546: result: -g -O2
configure:6549: checking for specific unoptimized flags
configure:6553: result: -g -O0 -mtune=native
configure:6597: checking how to get verbose linking output from gfortran
configure:6607: gfortran -c -g -O3 -mtune=native   conftest.f90 >&5
configure:6607: $? = 0
configure:6625: gfortran -o conftest -g -O3 -mtune=native -v conftest.f90
Using built-in specs.
Target: x86_64-linux-gnu
Thread model: posix
gcc version 4.9.2 (Debian 4.9.2-21) 
 /usr/lib/gcc/x86_64-linux-gnu/4.9/f951 conftest.f90 --param l1-cache-size=16 --param l1-cache-line-size=64 --param l2-cache-size=2048 -mtune=bdver2 -quiet -dumpbase conftest.f90 -march=x86-64 -auxbase conftest -g -O3 -version -fintrinsic-modules-path /usr/lib/gcc/x86_64-linux-gnu/4.9/finclude -o /tmp/cc0kEzlu.s
GNU Fortran (Debian 4.9.2-21) version 4.9.2 (x86_64-linux-gnu)
	compiled by GNU C version 4.9.2, GMP version 6.0.0, MPFR version 3.1.2-p11, MPC version 1.0.3
GGC heuristics: --param ggc-min-expand=100 --param ggc-min-heapsize=131072
GNU Fortran (Debian 4.9.2-21) version 4.9.2 (x86_64-linux-gnu)
	compiled by GNU C version 4.9.2, GMP version 6.0.0, MPFR version 3.1.2-p11, MPC version 1.0.3
GGC heuristics: --param ggc-min-expand=100 --param ggc-min-heapsize=131072
 as -v --64 -o /tmp/cctzPMX5.o /tmp/cc0kEzlu.s
GNU assembler version 2.25 (x86_64-linux-gnu) using BFD version (GNU Binutils for Debian) 2.25
Reading specs from /usr/lib/gcc/x86_64-linux-gnu/4.9/libgfortran.spec
rename spec lib to liborig
 /usr/lib/gcc/x86_64-linux-gnu/4.9/collect2 -plugin /usr/lib/gcc/x86_64-linux-gnu/4.9/liblto_plugin.so -plugin-opt=/usr/lib/gcc/x86_64-linux-gnu/4.9/lto-wrapper -plugin-opt=-fresolution=/tmp/cckEukBH.res -plugin-opt=-pass-through=-lgcc_s -plugin-opt=-pass-through=-lgcc -plugin-opt=-pass-through=-lquadmath -plugin-opt=-pass-through=-lm -plugin-opt=-pass-through=-lgcc_s -plugin-opt=-pass-through=-lgcc -plugin-opt=-pass-through=-lc -plugin-opt=-pass-through=-lgcc_s -plugin-opt=-pass-through=-lgcc --sysroot=/ --build-id --eh-frame-hdr -m elf_x86_64 --hash-style=gnu -dynamic-linker /lib64/ld-linux-x86-64.so.2 -o conftest /usr/lib/gcc/x86_64-linux-gnu/4.9/../../../x86_64-linux-gnu/crt1.o /usr/lib/gcc/x86_64-linux-gnu/4.9/../../../x86_64-linux-gnu/crti.o /usr/lib/gcc/x86_64-linux-gnu/4.9/crtbegin.o -L/usr/lib/gcc/x86_64-linux-gnu/4.9 -L/usr/lib/gcc/x86_64-linux-gnu/4.9/../../../x86_64-linux-gnu -L/usr/lib/gcc/x86_64-linux-gnu/4.9/../../../../lib -L/lib/x86_64-linux-gnu -L/lib/../lib -L/usr/lib/x86_64-linux-gnu -L/usr/lib/../lib -L/opt/intel/Compiler/11.1/073/lib/intel64 -L/opt/intel/Compiler/11.1/073/lib/intel64 -L/usr/lib/gcc/x86_64-linux-gnu/4.9/../../.. /tmp/cctzPMX5.o -lgfortran -lm -lgcc_s -lgcc -lquadmath -lm -lgcc_s -lgcc -lc -lgcc_s -lgcc /usr/lib/gcc/x86_64-linux-gnu/4.9/crtend.o /usr/lib/gcc/x86_64-linux-gnu/4.9/../../../x86_64-linux-gnu/crtn.o
configure:6708: result: -v
configure:6710: checking for Fortran libraries of gfortran
configure:6733: gfortran -o conftest -g -O3 -mtune=native -v conftest.f90
Using built-in specs.
Target: x86_64-linux-gnu
Thread model: posix
gcc version 4.9.2 (Debian 4.9.2-21) 
 /usr/lib/gcc/x86_64-linux-gnu/4.9/f951 conftest.f90 --param l1-cache-size=16 --param l1-cache-line-size=64 --param l2-cache-size=2048 -mtune=bdver2 -quiet -dumpbase conftest.f90 -march=x86-64 -auxbase conftest -g -O3 -version -fintrinsic-modules-path /usr/lib/gcc/x86_64-linux-gnu/4.9/finclude -o /tmp/ccWUNuSA.s
GNU Fortran (Debian 4.9.2-21) version 4.9.2 (x86_64-linux-gnu)
	compiled by GNU C version 4.9.2, GMP version 6.0.0, MPFR version 3.1.2-p11, MPC version 1.0.3
GGC heuristics: --param ggc-min-expand=100 --param ggc-min-heapsize=131072
GNU Fortran (Debian 4.9.2-21) version 4.9.2 (x86_64-linux-gnu)
	compiled by GNU C version 4.9.2, GMP version 6.0.0, MPFR version 3.1.2-p11, MPC version 1.0.3
GGC heuristics: --param ggc-min-expand=100 --param ggc-min-heapsize=131072
 as -v --64 -o /tmp/ccODp3Gc.o /tmp/ccWUNuSA.s
GNU assembler version 2.25 (x86_64-linux-gnu) using BFD version (GNU Binutils for Debian) 2.25
Reading specs from /usr/lib/gcc/x86_64-linux-gnu/4.9/libgfortran.spec
rename spec lib to liborig
 /usr/lib/gcc/x86_64-linux-gnu/4.9/collect2 -plugin /usr/lib/gcc/x86_64-linux-gnu/4.9/liblto_plugin.so -plugin-opt=/usr/lib/gcc/x86_64-linux-gnu/4.9/lto-wrapper -plugin-opt=-fresolution=/tmp/ccZEyWwO.res -plugin-opt=-pass-through=-lgcc_s -plugin-opt=-pass-through=-lgcc -plugin-opt=-pass-through=-lquadmath -plugin-opt=-pass-through=-lm -plugin-opt=-pass-through=-lgcc_s -plugin-opt=-pass-through=-lgcc -plugin-opt=-pass-through=-lc -plugin-opt=-pass-through=-lgcc_s -plugin-opt=-pass-through=-lgcc --sysroot=/ --build-id --eh-frame-hdr -m elf_x86_64 --hash-style=gnu -dynamic-linker /lib64/ld-linux-x86-64.so.2 -o conftest /usr/lib/gcc/x86_64-linux-gnu/4.9/../../../x86_64-linux-gnu/crt1.o /usr/lib/gcc/x86_64-linux-gnu/4.9/../../../x86_64-linux-gnu/crti.o /usr/lib/gcc/x86_64-linux-gnu/4.9/crtbegin.o -L/usr/lib/gcc/x86_64-linux-gnu/4.9 -L/usr/lib/gcc/x86_64-linux-gnu/4.9/../../../x86_64-linux-gnu -L/usr/lib/gcc/x86_64-linux-gnu/4.9/../../../../lib -L/lib/x86_64-linux-gnu -L/lib/../lib -L/usr/lib/x86_64-linux-gnu -L/usr/lib/../lib -L/opt/intel/Compiler/11.1/073/lib/intel64 -L/opt/intel/Compiler/11.1/073/lib/intel64 -L/usr/lib/gcc/x86_64-linux-gnu/4.9/../../.. /tmp/ccODp3Gc.o -lgfortran -lm -lgcc_s -lgcc -lquadmath -lm -lgcc_s -lgcc -lc -lgcc_s -lgcc /usr/lib/gcc/x86_64-linux-gnu/4.9/crtend.o /usr/lib/gcc/x86_64-linux-gnu/4.9/../../../x86_64-linux-gnu/crtn.o
configure:6929: result:  -L/usr/lib/gcc/x86_64-linux-gnu/4.9 -L/usr/lib/gcc/x86_64-linux-gnu/4.9/../../../x86_64-linux-gnu -L/usr/lib/gcc/x86_64-linux-gnu/4.9/../../../../lib -L/lib/x86_64-linux-gnu -L/lib/../lib -L/usr/lib/x86_64-linux-gnu -L/usr/lib/../lib -L/opt/intel/Compiler/11.1/073/lib/intel64 -L/usr/lib/gcc/x86_64-linux-gnu/4.9/../../.. -lgfortran -lm -lquadmath
configure:6945: checking for dummy main to link with Fortran libraries
configure:6979: gcc -o conftest -g -O2   conftest.c   -L/usr/lib/gcc/x86_64-linux-gnu/4.9 -L/usr/lib/gcc/x86_64-linux-gnu/4.9/../../../x86_64-linux-gnu -L/usr/lib/gcc/x86_64-linux-gnu/4.9/../../../../lib -L/lib/x86_64-linux-gnu -L/lib/../lib -L/usr/lib/x86_64-linux-gnu -L/usr/lib/../lib -L/opt/intel/Compiler/11.1/073/lib/intel64 -L/usr/lib/gcc/x86_64-linux-gnu/4.9/../../.. -lgfortran -lm -lquadmath >&5
configure:6979: $? = 0
configure:7024: result: none
configure:7057: checking for Fortran name-mangling scheme
configure:7070: gfortran -c -g -O3 -mtune=native   conftest.f90 >&5
configure:7070: $? = 0
configure:7111: gcc -o conftest -g -O2   conftest.c cfortran_test.o   -L/usr/lib/gcc/x86_64-linux-gnu/4.9 -L/usr/lib/gcc/x86_64-linux-gnu/4.9/../../../x86_64-linux-gnu -L/usr/lib/gcc/x86_64-linux-gnu/4.9/../../../../lib -L/lib/x86_64-linux-gnu -L/lib/../lib -L/usr/lib/x86_64-linux-gnu -L/usr/lib/../lib -L/opt/intel/Compiler/11.1/073/lib/intel64 -L/usr/lib/gcc/x86_64-linux-gnu/4.9/../../.. -lgfortran -lm -lquadmath >&5
/tmp/ccVlQO4i.o: In function `main':
/home/marini/Yambo/yambo/master/conftest.c:51: undefined reference to `foobar'
collect2: error: ld returned 1 exit status
configure:7111: $? = 1
configure: failed program was:
| /* confdefs.h */
| #define PACKAGE_NAME "Yambo"
| #define PACKAGE_TARNAME "yambo"
| #define PACKAGE_VERSION "4.0.2 r.3451 h.3bfefb5 "
| #define PACKAGE_STRING "Yambo 4.0.2 r.3451 h.3bfefb5 "
| #define PACKAGE_BUGREPORT "yambo@yambo-code.org"
| #define PACKAGE_URL ""
| #define STDC_HEADERS 1
| #define HAVE_SYS_TYPES_H 1
| #define HAVE_SYS_STAT_H 1
| #define HAVE_STDLIB_H 1
| #define HAVE_STRING_H 1
| #define HAVE_MEMORY_H 1
| #define HAVE_STRINGS_H 1
| #define HAVE_INTTYPES_H 1
| #define HAVE_STDINT_H 1
| #define HAVE_UNISTD_H 1
| #define HAVE_MALLOC_H 1
| #define HAVE_STDLIB_H 1
| #define HAVE_UNISTD_H 1
| #define HAVE_STRING_H 1
| #define HAVE_SYS_TIME_H 1
| #define HAVE_ALLOCA_H 1
| #define HAVE_ALLOCA 1
| #define HAVE_STDLIB_H 1
| #define HAVE_MALLOC 1
| #define HAVE_STDLIB_H 1
| #define HAVE_REALLOC 1
| #define LSTAT_FOLLOWS_SLASHED_SYMLINK 1
| #define POINTER_SIZE 8
| /* end confdefs.h.  */
| 
| /* Override any GCC internal prototype to avoid an error.
|    Use char because int might match the return type of a GCC
|    builtin and then its argument prototype would still apply.  */
| #ifdef __cplusplus
| extern "C"
| #endif
| char foobar ();
| #ifdef FC_DUMMY_MAIN
| #ifndef FC_DUMMY_MAIN_EQ_F77
| #  ifdef __cplusplus
|      extern "C"
| #  endif
|    int FC_DUMMY_MAIN() { return 1; }
| #endif
| #endif
| int
| main ()
| {
| return foobar ();
|   ;
|   return 0;
| }
configure:7111: gcc -o conftest -g -O2   conftest.c cfortran_test.o   -L/usr/lib/gcc/x86_64-linux-gnu/4.9 -L/usr/lib/gcc/x86_64-linux-gnu/4.9/../../../x86_64-linux-gnu -L/usr/lib/gcc/x86_64-linux-gnu/4.9/../../../../lib -L/lib/x86_64-linux-gnu -L/lib/../lib -L/usr/lib/x86_64-linux-gnu -L/usr/lib/../lib -L/opt/intel/Compiler/11.1/073/lib/intel64 -L/usr/lib/gcc/x86_64-linux-gnu/4.9/../../.. -lgfortran -lm -lquadmath >&5
configure:7111: $? = 0
configure:7169: gcc -o conftest -g -O2   conftest.c cfortran_test.o   -L/usr/lib/gcc/x86_64-linux-gnu/4.9 -L/usr/lib/gcc/x86_64-linux-gnu/4.9/../../../x86_64-linux-gnu -L/usr/lib/gcc/x86_64-linux-gnu/4.9/../../../../lib -L/lib/x86_64-linux-gnu -L/lib/../lib -L/usr/lib/x86_64-linux-gnu -L/usr/lib/../lib -L/opt/intel/Compiler/11.1/073/lib/intel64 -L/usr/lib/gcc/x86_64-linux-gnu/4.9/../../.. -lgfortran -lm -lquadmath >&5
configure:7169: $? = 0
configure:7211: result: lower case, underscore, no extra underscore
configure:7235: gcc -c -g -O2  conftest.c >&5
configure:7235: $? = 0
configure:7250: gfortran -o conftest -g -O3 -mtune=native    conftest.f90 ftest.o >&5
configure:7250: $? = 0
configure:7303: checking for external C routine (test) naming scheme
configure:7305: result: test_
configure:7414: checking for Fortran flag needed to accept free-form source
configure:7433: gfortran -c -g -O3 -mtune=native   conftest.f90 >&5
configure:7433: $? = 0
configure:7442: result: none
configure:7471: checking fortran 90 modules inclusion flag
configure:7498: gfortran -c -g -O3 -mtune=native   conftest.f90 >&5
configure:7498: $? = 0
configure:7517: gfortran -c -g -O3 -mtune=native  -I tmpdir_0  conftest.f90 >&5
configure:7517: $? = 0
configure:7536: result: -I 
configure:7592: testing preprocessor gcc -E -P -P
configure:7610: checking if precompiler works on C source
configure:7623: gcc -E -P -P conftest.c
configure:7623: $? = 0
configure:7629: result: yes
configure:7635: checking if precompiler works on F90 source
configure:7660: result: yes
configure:7793: checking for Fortran 77 compiler version
configure:7802: gfortran --version >&5
GNU Fortran (Debian 4.9.2-21) 4.9.2
Copyright (C) 2014 Free Software Foundation, Inc.

GNU Fortran comes with NO WARRANTY, to the extent permitted by law.
You may redistribute copies of GNU Fortran
under the terms of the GNU General Public License.
For more information about these matters, see the file named COPYING

configure:7813: $? = 0
configure:7802: gfortran -v >&5
Using built-in specs.
COLLECT_GCC=gfortran
COLLECT_LTO_WRAPPER=/usr/lib/gcc/x86_64-linux-gnu/4.9/lto-wrapper
Target: x86_64-linux-gnu
Configured with: ../src/configure -v --with-pkgversion='Debian 4.9.2-21' --with-bugurl=file:///usr/share/doc/gcc-4.9/README.Bugs --enable-languages=c,c++,java,go,d,fortran,objc,obj-c++ --prefix=/usr --program-suffix=-4.9 --enable-shared --enable-linker-build-id --libexecdir=/usr/lib --without-included-gettext --enable-threads=posix --with-gxx-include-dir=/usr/include/c++/4.9 --libdir=/usr/lib --enable-nls --with-sysroot=/ --enable-clocale=gnu --enable-libstdcxx-debug --enable-libstdcxx-time=yes --enable-gnu-unique-object --disable-vtable-verify --enable-plugin --with-system-zlib --disable-browser-plugin --enable-java-awt=gtk --enable-gtk-cairo --with-java-home=/usr/lib/jvm/java-1.5.0-gcj-4.9-amd64/jre --enable-java-home --with-jvm-root-dir=/usr/lib/jvm/java-1.5.0-gcj-4.9-amd64 --with-jvm-jar-dir=/usr/lib/jvm-exports/java-1.5.0-gcj-4.9-amd64 --with-arch-directory=amd64 --with-ecj-jar=/usr/share/java/eclipse-ecj.jar --enable-objc-gc --enable-multiarch --with-arch-32=i586 --with-abi=m64 --with-multilib-list=m32,m64,mx32 --enable-multilib --with-tune=generic --enable-checking=release --build=x86_64-linux-gnu --host=x86_64-linux-gnu --target=x86_64-linux-gnu
Thread model: posix
gcc version 4.9.2 (Debian 4.9.2-21) 
configure:7813: $? = 0
configure:7802: gfortran -V >&5
gfortran: error: unrecognized command line option '-V'
gfortran: fatal error: no input files
compilation terminated.
configure:7813: $? = 4
configure:7802: gfortran -qversion >&5
gfortran: error: unrecognized command line option '-qversion'
gfortran: fatal error: no input files
compilation terminated.
configure:7813: $? = 4
configure:7822: checking whether we are using the GNU Fortran 77 compiler
configure:7835: gfortran -c -g -O3 -mtune=native conftest.F >&5
configure:7835: $? = 0
configure:7844: result: yes
configure:7850: checking whether gfortran accepts -g
configure:7861: gfortran -c -g conftest.f >&5
configure:7861: $? = 0
configure:7869: result: yes
configure:7897: checking if Fortran 77 compiler gfortran works
configure:7905: gfortran -c -g -O3 -mtune=native conftest.f >&5
configure:7905: $? = 0
configure:7906: result: yes
configure:7939: checking how to get verbose linking output from gfortran
configure:7949: gfortran -c -g -O3 -mtune=native conftest.f >&5
configure:7949: $? = 0
configure:7967: gfortran -o conftest -g -O3 -mtune=native -v conftest.f -g -O2
Using built-in specs.
Target: x86_64-linux-gnu
Thread model: posix
gcc version 4.9.2 (Debian 4.9.2-21) 
 /usr/lib/gcc/x86_64-linux-gnu/4.9/f951 conftest.f -ffixed-form --param l1-cache-size=16 --param l1-cache-line-size=64 --param l2-cache-size=2048 -mtune=bdver2 -quiet -dumpbase conftest.f -march=x86-64 -auxbase conftest -g -g -O3 -O2 -version -fintrinsic-modules-path /usr/lib/gcc/x86_64-linux-gnu/4.9/finclude -o /tmp/ccjiCrV5.s
GNU Fortran (Debian 4.9.2-21) version 4.9.2 (x86_64-linux-gnu)
	compiled by GNU C version 4.9.2, GMP version 6.0.0, MPFR version 3.1.2-p11, MPC version 1.0.3
GGC heuristics: --param ggc-min-expand=100 --param ggc-min-heapsize=131072
GNU Fortran (Debian 4.9.2-21) version 4.9.2 (x86_64-linux-gnu)
	compiled by GNU C version 4.9.2, GMP version 6.0.0, MPFR version 3.1.2-p11, MPC version 1.0.3
GGC heuristics: --param ggc-min-expand=100 --param ggc-min-heapsize=131072
 as -v --64 -o /tmp/ccsgU77J.o /tmp/ccjiCrV5.s
GNU assembler version 2.25 (x86_64-linux-gnu) using BFD version (GNU Binutils for Debian) 2.25
Reading specs from /usr/lib/gcc/x86_64-linux-gnu/4.9/libgfortran.spec
rename spec lib to liborig
 /usr/lib/gcc/x86_64-linux-gnu/4.9/collect2 -plugin /usr/lib/gcc/x86_64-linux-gnu/4.9/liblto_plugin.so -plugin-opt=/usr/lib/gcc/x86_64-linux-gnu/4.9/lto-wrapper -plugin-opt=-fresolution=/tmp/ccyXM8lo.res -plugin-opt=-pass-through=-lgcc_s -plugin-opt=-pass-through=-lgcc -plugin-opt=-pass-through=-lquadmath -plugin-opt=-pass-through=-lm -plugin-opt=-pass-through=-lgcc_s -plugin-opt=-pass-through=-lgcc -plugin-opt=-pass-through=-lc -plugin-opt=-pass-through=-lgcc_s -plugin-opt=-pass-through=-lgcc --sysroot=/ --build-id --eh-frame-hdr -m elf_x86_64 --hash-style=gnu -dynamic-linker /lib64/ld-linux-x86-64.so.2 -o conftest /usr/lib/gcc/x86_64-linux-gnu/4.9/../../../x86_64-linux-gnu/crt1.o /usr/lib/gcc/x86_64-linux-gnu/4.9/../../../x86_64-linux-gnu/crti.o /usr/lib/gcc/x86_64-linux-gnu/4.9/crtbegin.o -L/usr/lib/gcc/x86_64-linux-gnu/4.9 -L/usr/lib/gcc/x86_64-linux-gnu/4.9/../../../x86_64-linux-gnu -L/usr/lib/gcc/x86_64-linux-gnu/4.9/../../../../lib -L/lib/x86_64-linux-gnu -L/lib/../lib -L/usr/lib/x86_64-linux-gnu -L/usr/lib/../lib -L/opt/intel/Compiler/11.1/073/lib/intel64 -L/opt/intel/Compiler/11.1/073/lib/intel64 -L/usr/lib/gcc/x86_64-linux-gnu/4.9/../../.. /tmp/ccsgU77J.o -lgfortran -lm -lgcc_s -lgcc -lquadmath -lm -lgcc_s -lgcc -lc -lgcc_s -lgcc /usr/lib/gcc/x86_64-linux-gnu/4.9/crtend.o /usr/lib/gcc/x86_64-linux-gnu/4.9/../../../x86_64-linux-gnu/crtn.o
configure:8050: result: -v
configure:8052: checking for Fortran 77 libraries of gfortran
configure:8075: gfortran -o conftest -g -O3 -mtune=native -v conftest.f -g -O2
Using built-in specs.
Target: x86_64-linux-gnu
Thread model: posix
gcc version 4.9.2 (Debian 4.9.2-21) 
 /usr/lib/gcc/x86_64-linux-gnu/4.9/f951 conftest.f -ffixed-form --param l1-cache-size=16 --param l1-cache-line-size=64 --param l2-cache-size=2048 -mtune=bdver2 -quiet -dumpbase conftest.f -march=x86-64 -auxbase conftest -g -g -O3 -O2 -version -fintrinsic-modules-path /usr/lib/gcc/x86_64-linux-gnu/4.9/finclude -o /tmp/ccSXhDP7.s
GNU Fortran (Debian 4.9.2-21) version 4.9.2 (x86_64-linux-gnu)
	compiled by GNU C version 4.9.2, GMP version 6.0.0, MPFR version 3.1.2-p11, MPC version 1.0.3
GGC heuristics: --param ggc-min-expand=100 --param ggc-min-heapsize=131072
GNU Fortran (Debian 4.9.2-21) version 4.9.2 (x86_64-linux-gnu)
	compiled by GNU C version 4.9.2, GMP version 6.0.0, MPFR version 3.1.2-p11, MPC version 1.0.3
GGC heuristics: --param ggc-min-expand=100 --param ggc-min-heapsize=131072
 as -v --64 -o /tmp/ccB8hKeM.o /tmp/ccSXhDP7.s
GNU assembler version 2.25 (x86_64-linux-gnu) using BFD version (GNU Binutils for Debian) 2.25
Reading specs from /usr/lib/gcc/x86_64-linux-gnu/4.9/libgfortran.spec
rename spec lib to liborig
 /usr/lib/gcc/x86_64-linux-gnu/4.9/collect2 -plugin /usr/lib/gcc/x86_64-linux-gnu/4.9/liblto_plugin.so -plugin-opt=/usr/lib/gcc/x86_64-linux-gnu/4.9/lto-wrapper -plugin-opt=-fresolution=/tmp/ccb0qaFq.res -plugin-opt=-pass-through=-lgcc_s -plugin-opt=-pass-through=-lgcc -plugin-opt=-pass-through=-lquadmath -plugin-opt=-pass-through=-lm -plugin-opt=-pass-through=-lgcc_s -plugin-opt=-pass-through=-lgcc -plugin-opt=-pass-through=-lc -plugin-opt=-pass-through=-lgcc_s -plugin-opt=-pass-through=-lgcc --sysroot=/ --build-id --eh-frame-hdr -m elf_x86_64 --hash-style=gnu -dynamic-linker /lib64/ld-linux-x86-64.so.2 -o conftest /usr/lib/gcc/x86_64-linux-gnu/4.9/../../../x86_64-linux-gnu/crt1.o /usr/lib/gcc/x86_64-linux-gnu/4.9/../../../x86_64-linux-gnu/crti.o /usr/lib/gcc/x86_64-linux-gnu/4.9/crtbegin.o -L/usr/lib/gcc/x86_64-linux-gnu/4.9 -L/usr/lib/gcc/x86_64-linux-gnu/4.9/../../../x86_64-linux-gnu -L/usr/lib/gcc/x86_64-linux-gnu/4.9/../../../../lib -L/lib/x86_64-linux-gnu -L/lib/../lib -L/usr/lib/x86_64-linux-gnu -L/usr/lib/../lib -L/opt/intel/Compiler/11.1/073/lib/intel64 -L/opt/intel/Compiler/11.1/073/lib/intel64 -L/usr/lib/gcc/x86_64-linux-gnu/4.9/../../.. /tmp/ccB8hKeM.o -lgfortran -lm -lgcc_s -lgcc -lquadmath -lm -lgcc_s -lgcc -lc -lgcc_s -lgcc /usr/lib/gcc/x86_64-linux-gnu/4.9/crtend.o /usr/lib/gcc/x86_64-linux-gnu/4.9/../../../x86_64-linux-gnu/crtn.o
configure:8271: result:  -L/usr/lib/gcc/x86_64-linux-gnu/4.9 -L/usr/lib/gcc/x86_64-linux-gnu/4.9/../../../x86_64-linux-gnu -L/usr/lib/gcc/x86_64-linux-gnu/4.9/../../../../lib -L/lib/x86_64-linux-gnu -L/lib/../lib -L/usr/lib/x86_64-linux-gnu -L/usr/lib/../lib -L/opt/intel/Compiler/11.1/073/lib/intel64 -L/usr/lib/gcc/x86_64-linux-gnu/4.9/../../.. -lgfortran -lm -lquadmath
configure:8310: checking for caxpy in /home/marini/Yambo/yambo/LIBs/gf/libblas.a
configure:8317: gfortran -o conftest -g -O3 -mtune=native    conftest.f90 /home/marini/Yambo/yambo/LIBs/gf/libblas.a -g -O2  -L/usr/lib/gcc/x86_64-linux-gnu/4.9 -L/usr/lib/gcc/x86_64-linux-gnu/4.9/../../../x86_64-linux-gnu -L/usr/lib/gcc/x86_64-linux-gnu/4.9/../../../../lib -L/lib/x86_64-linux-gnu -L/lib/../lib -L/usr/lib/x86_64-linux-gnu -L/usr/lib/../lib -L/opt/intel/Compiler/11.1/073/lib/intel64 -L/usr/lib/gcc/x86_64-linux-gnu/4.9/../../.. -lgfortran -lm -lquadmath >&5
configure:8317: $? = 0
configure:8324: result: yes
configure:8827: checking for dummy main to link with Fortran 77 libraries
configure:8869: gcc -o conftest -g -O2 -D_C_US -D_FORTRAN_US   conftest.c -g -O2  -L/usr/lib/gcc/x86_64-linux-gnu/4.9 -L/usr/lib/gcc/x86_64-linux-gnu/4.9/../../../x86_64-linux-gnu -L/usr/lib/gcc/x86_64-linux-gnu/4.9/../../../../lib -L/lib/x86_64-linux-gnu -L/lib/../lib -L/usr/lib/x86_64-linux-gnu -L/usr/lib/../lib -L/opt/intel/Compiler/11.1/073/lib/intel64 -L/usr/lib/gcc/x86_64-linux-gnu/4.9/../../.. -lgfortran -lm -lquadmath >&5
configure:8869: $? = 0
configure:8922: result: none
configure:8954: checking for Fortran 77 name-mangling scheme
configure:8967: gfortran -c -g -O3 -mtune=native conftest.f >&5
configure:8967: $? = 0
configure:9016: gcc -o conftest -g -O2 -D_C_US -D_FORTRAN_US   conftest.c cfortran_test.o -g -O2  -L/usr/lib/gcc/x86_64-linux-gnu/4.9 -L/usr/lib/gcc/x86_64-linux-gnu/4.9/../../../x86_64-linux-gnu -L/usr/lib/gcc/x86_64-linux-gnu/4.9/../../../../lib -L/lib/x86_64-linux-gnu -L/lib/../lib -L/usr/lib/x86_64-linux-gnu -L/usr/lib/../lib -L/opt/intel/Compiler/11.1/073/lib/intel64 -L/usr/lib/gcc/x86_64-linux-gnu/4.9/../../.. -lgfortran -lm -lquadmath >&5
/tmp/ccySJOaZ.o: In function `main':
/home/marini/Yambo/yambo/master/conftest.c:62: undefined reference to `foobar'
collect2: error: ld returned 1 exit status
configure:9016: $? = 1
configure: failed program was:
| /* confdefs.h */
| #define PACKAGE_NAME "Yambo"
| #define PACKAGE_TARNAME "yambo"
| #define PACKAGE_VERSION "4.0.2 r.3451 h.3bfefb5 "
| #define PACKAGE_STRING "Yambo 4.0.2 r.3451 h.3bfefb5 "
| #define PACKAGE_BUGREPORT "yambo@yambo-code.org"
| #define PACKAGE_URL ""
| #define STDC_HEADERS 1
| #define HAVE_SYS_TYPES_H 1
| #define HAVE_SYS_STAT_H 1
| #define HAVE_STDLIB_H 1
| #define HAVE_STRING_H 1
| #define HAVE_MEMORY_H 1
| #define HAVE_STRINGS_H 1
| #define HAVE_INTTYPES_H 1
| #define HAVE_STDINT_H 1
| #define HAVE_UNISTD_H 1
| #define HAVE_MALLOC_H 1
| #define HAVE_STDLIB_H 1
| #define HAVE_UNISTD_H 1
| #define HAVE_STRING_H 1
| #define HAVE_SYS_TIME_H 1
| #define HAVE_ALLOCA_H 1
| #define HAVE_ALLOCA 1
| #define HAVE_STDLIB_H 1
| #define HAVE_MALLOC 1
| #define HAVE_STDLIB_H 1
| #define HAVE_REALLOC 1
| #define LSTAT_FOLLOWS_SLASHED_SYMLINK 1
| #define POINTER_SIZE 8
| #define FC_FUNC(name,NAME) name ## _
| #define FC_FUNC_(name,NAME) name ## _
| #define HAVE_BLAS 1
| /* end confdefs.h.  */
| 
| /* Override any GCC internal prototype to avoid an error.
|    Use char because int might match the return type of a GCC
|    builtin and then its argument prototype would still apply.  */
| #ifdef __cplusplus
| extern "C"
| #endif
| char foobar ();
| #ifdef F77_DUMMY_MAIN
| 
| #  ifdef __cplusplus
|      extern "C"
| #  endif
|    int F77_DUMMY_MAIN() { return 1; }
| 
| #endif
| #ifdef FC_DUMMY_MAIN
| #ifndef FC_DUMMY_MAIN_EQ_F77
| #  ifdef __cplusplus
|      extern "C"
| #  endif
|    int FC_DUMMY_MAIN() { return 1; }
| #endif
| #endif
| int
| main ()
| {
| return foobar ();
|   ;
|   return 0;
| }
configure:9016: gcc -o conftest -g -O2 -D_C_US -D_FORTRAN_US   conftest.c cfortran_test.o -g -O2  -L/usr/lib/gcc/x86_64-linux-gnu/4.9 -L/usr/lib/gcc/x86_64-linux-gnu/4.9/../../../x86_64-linux-gnu -L/usr/lib/gcc/x86_64-linux-gnu/4.9/../../../../lib -L/lib/x86_64-linux-gnu -L/lib/../lib -L/usr/lib/x86_64-linux-gnu -L/usr/lib/../lib -L/opt/intel/Compiler/11.1/073/lib/intel64 -L/usr/lib/gcc/x86_64-linux-gnu/4.9/../../.. -lgfortran -lm -lquadmath >&5
configure:9016: $? = 0
configure:9082: gcc -o conftest -g -O2 -D_C_US -D_FORTRAN_US   conftest.c cfortran_test.o -g -O2  -L/usr/lib/gcc/x86_64-linux-gnu/4.9 -L/usr/lib/gcc/x86_64-linux-gnu/4.9/../../../x86_64-linux-gnu -L/usr/lib/gcc/x86_64-linux-gnu/4.9/../../../../lib -L/lib/x86_64-linux-gnu -L/lib/../lib -L/usr/lib/x86_64-linux-gnu -L/usr/lib/../lib -L/opt/intel/Compiler/11.1/073/lib/intel64 -L/usr/lib/gcc/x86_64-linux-gnu/4.9/../../.. -lgfortran -lm -lquadmath >&5
configure:9082: $? = 0
configure:9124: result: lower case, underscore, no extra underscore
configure:9160: checking for cheev in /home/marini/Yambo/yambo/LIBs/gf/liblapack.a
configure:9167: gfortran -o conftest -g -O3 -mtune=native    conftest.f90 /home/marini/Yambo/yambo/LIBs/gf/liblapack.a /home/marini/Yambo/yambo/LIBs/gf/libblas.a -g -O2  -L/usr/lib/gcc/x86_64-linux-gnu/4.9 -L/usr/lib/gcc/x86_64-linux-gnu/4.9/../../../x86_64-linux-gnu -L/usr/lib/gcc/x86_64-linux-gnu/4.9/../../../../lib -L/lib/x86_64-linux-gnu -L/lib/../lib -L/usr/lib/x86_64-linux-gnu -L/usr/lib/../lib -L/opt/intel/Compiler/11.1/073/lib/intel64 -L/usr/lib/gcc/x86_64-linux-gnu/4.9/../../.. -lgfortran -lm -lquadmath >&5
configure:9167: $? = 0
configure:9174: result: yes
configure:9255: checking for dlaran_ in /home/marini/Yambo/yambo/LIBs/gf/liblapack.a
configure:9262: gfortran -o conftest -g -O3 -mtune=native    conftest.f90 /home/marini/Yambo/yambo/LIBs/gf/liblapack.a >&5
/tmp/cc7bmtsg.o: In function `main':
/home/marini/Yambo/yambo/master/conftest.f90:2: undefined reference to `dlaran__'
collect2: error: ld returned 1 exit status
configure:9262: $? = 1
configure: failed program was:
|       program main
|       call dlaran_
|       end
configure:9269: result: no
configure:9355: checking for mpiifort
configure:9385: result: no
configure:9355: checking for mpif90
configure:9371: found /opt/mpich/bin/mpif90
configure:9382: result: mpif90
configure:9399: checking for MPI_Init
configure:9406: mpif90 -o conftest -g -O3 -mtune=native    conftest.f90 -g -O2 >&5
configure:9406: $? = 0
configure:9408: result: yes
configure:9481: checking for a working mpif.h
configure:9495: mpif90 -c -g -O3 -mtune=native   conftest.f90 >&5
configure:9495: $? = 0
configure:9496: result: yes
configure:9600: checking for mpicc
configure:9616: found /opt/mpich/bin/mpicc
configure:9627: result: mpicc
configure:9770: checking for a working mpi.h
configure:9799: mpicc -c -g -O2 -D_C_US -D_FORTRAN_US  conftest.c >&5
configure:9799: $? = 0
configure:9800: result: yes
configure:9950: checking for FFT in /opt/fftw-3.3.4/lib
configure:10017: mpif90 -o conftest -g -O3 -mtune=native  -I /opt/fftw-3.3.4/include   conftest.f90 -L/opt/fftw-3.3.4/lib -lfftw3 >&5
configure:10017: $? = 0
configure:10027: mpif90 -o conftest -g -O3 -mtune=native  -I /opt/fftw-3.3.4/include   conftest.f90 -L/opt/fftw-3.3.4/lib -lfftw3 >&5
/tmp/ccpgdEIF.o: In function `main':
/home/marini/Yambo/yambo/master/conftest.f90:4: undefined reference to `dfftw_init_threads_'
/home/marini/Yambo/yambo/master/conftest.f90:5: undefined reference to `dfftw_plan_with_nthreads_'
collect2: error: ld returned 1 exit status
configure:10027: $? = 1
configure: failed program was:
|       program main
| 
|     integer :: i
|     call dfftw_init_threads(i)
|     call dfftw_plan_with_nthreads(i)
|     call dfftw_destroy_plan(i)
| 
|       end
configure:10044: result: FFTW3
configure:10443: checking for IOTK in /home/marini/Yambo/yambo/LIBs/gf
configure:10462: result: yes
configure:10610: checking for NetCDF in /home/marini/Yambo/yambo/LIBs/gf
configure:10640: mpif90 -c -I /home/marini/Yambo/yambo/INCLUDEs/gf -g -O3 -mtune=native   conftest.f90 >&5
configure:10640: $? = 0
configure:10664: result: yes
configure:10949: checking for ETSF_IO Library
configure:10951: result: no
configure:11004: checking for libxc
configure:11053: mpif90 -o conftest -I /home/marini/Yambo/yambo/INCLUDEs/gf -g -O3 -mtune=native    conftest.f90 /home/marini/Yambo/yambo/LIBs/gf/libxcf90.a /home/marini/Yambo/yambo/LIBs/gf/libxc.a >&5
gfortran: error: /home/marini/Yambo/yambo/LIBs/gf/libxcf90.a: No such file or directory
configure:11053: $? = 1
configure: failed program was:
|       program main
| 
|     use xc_f90_lib_m
|     implicit none
| 
|     integer :: i
|     i = XC_EXCHANGE
| 
|       end
configure:11067: mpif90 -o conftest -I /home/marini/Yambo/yambo/INCLUDEs/gf -g -O3 -mtune=native    conftest.f90 -L/home/marini/Yambo/yambo/LIBs/gf -lxcf90 -lxc >&5
/usr/bin/ld: cannot find -lxcf90
collect2: error: ld returned 1 exit status
configure:11067: $? = 1
configure: failed program was:
|       program main
| 
|     use xc_f90_lib_m
|     implicit none
| 
|     integer :: i
|     i = XC_EXCHANGE
| 
|       end
configure:11081: mpif90 -o conftest -I /home/marini/Yambo/yambo/INCLUDEs/gf -g -O3 -mtune=native    conftest.f90 /home/marini/Yambo/yambo/LIBs/gf/libxc.a >&5
configure:11081: $? = 0
configure:11153: mpif90 -o conftest -I /home/marini/Yambo/yambo/INCLUDEs/gf -g -O3 -mtune=native    conftest.f90 /home/marini/Yambo/yambo/LIBs/gf/libxc.a >&5
configure:11153: $? = 0
configure:11161: mpif90 -o conftest -I /home/marini/Yambo/yambo/INCLUDEs/gf -g -O3 -mtune=native    conftest.f90 /home/marini/Yambo/yambo/LIBs/gf/libxc.a >&5
configure:11161: $? = 0
configure:11169: mpif90 -o conftest -I /home/marini/Yambo/yambo/INCLUDEs/gf -g -O3 -mtune=native    conftest.f90 /home/marini/Yambo/yambo/LIBs/gf/libxc.a >&5
configure:11169: $? = 0
configure:11177: mpif90 -o conftest -I /home/marini/Yambo/yambo/INCLUDEs/gf -g -O3 -mtune=native    conftest.f90 /home/marini/Yambo/yambo/LIBs/gf/libxc.a >&5
configure:11177: $? = 0
configure:11185: mpif90 -o conftest -I /home/marini/Yambo/yambo/INCLUDEs/gf -g -O3 -mtune=native    conftest.f90 /home/marini/Yambo/yambo/LIBs/gf/libxc.a >&5
conftest.f90:7.23:

  i = XC_GGA_X_LV_RPW86
                       1
Error: Symbol 'xc_gga_x_lv_rpw86' at (1) has no IMPLICIT type
configure:11185: $? = 1
configure: failed program was:
|       program main
| 
|   use xc_f90_lib_m
|   implicit none
| 
|   integer :: i
|   i = XC_GGA_X_LV_RPW86
|       end
configure:11195: result: Found external LibXC version=203, (should be >= 203)
configure:11205: result:                   ... Compatible external LibXC (-I /home/marini/Yambo/yambo/INCLUDEs/gf /home/marini/Yambo/yambo/LIBs/gf/libxc.a)
configure:11438: creating ./config.status

## ---------------------- ##
## Running config.status. ##
## ---------------------- ##

This file was extended by Yambo config.status 4.0.2 r.3451 h.3bfefb5 , which was
generated by GNU Autoconf 2.69.  Invocation command line was

  CONFIG_FILES    = 
  CONFIG_HEADERS  = 
  CONFIG_LINKS    = 
  CONFIG_COMMANDS = 
  $ ./config.status 

on anomaly

config.status:960: creating lib/install/make_iotk.inc
config.status:960: creating config/setup
config.status:960: creating config/Makefile
config.status:960: creating config/report
config.status:960: creating src/wf_and_fft/sgfft.F
config.status:960: creating lib/local/.objects
config.status:960: creating sbin/make_makefile.sh
config.status:960: creating sbin/make_message.pl
config.status:960: creating sbin/objects_debug.sh
config.status:960: creating driver/codever.h
config.status:960: creating driver/editor.h
config.status:960: creating src/external_c/.objects

## ---------------- ##
## Cache variables. ##
## ---------------- ##

_cv_gnu_make_command=make
ac_cv_build=x86_64-unknown-linux-gnu
ac_cv_c_compiler_gnu=yes
ac_cv_c_const=yes
ac_cv_c_inline=inline
ac_cv_env_CC_set=
ac_cv_env_CC_value=
ac_cv_env_CFLAGS_set=
ac_cv_env_CFLAGS_value=
ac_cv_env_CPPFLAGS_set=
ac_cv_env_CPPFLAGS_value=
ac_cv_env_CPP_set=set
ac_cv_env_CPP_value='gcc -E -P'
ac_cv_env_F77_set=
ac_cv_env_F77_value=
ac_cv_env_FCCPP_set=
ac_cv_env_FCCPP_value=
ac_cv_env_FCFLAGS_set=
ac_cv_env_FCFLAGS_value=
ac_cv_env_FC_set=set
ac_cv_env_FC_value=gfortran
ac_cv_env_FFLAGS_set=
ac_cv_env_FFLAGS_value=
ac_cv_env_LDFLAGS_set=
ac_cv_env_LDFLAGS_value=
ac_cv_env_LIBS_set=
ac_cv_env_LIBS_value=
ac_cv_env_MPICC_set=
ac_cv_env_MPICC_value=
ac_cv_env_PFC_set=
ac_cv_env_PFC_value=
ac_cv_env_UFLAGS_set=
ac_cv_env_UFLAGS_value=
ac_cv_env_build_alias_set=
ac_cv_env_build_alias_value=
ac_cv_env_host_alias_set=
ac_cv_env_host_alias_value=
ac_cv_env_target_alias_set=
ac_cv_env_target_alias_value=
ac_cv_f77_compiler_gnu=yes
ac_cv_f77_dummy_main=none
ac_cv_f77_libs=' -L/usr/lib/gcc/x86_64-linux-gnu/4.9 -L/usr/lib/gcc/x86_64-linux-gnu/4.9/../../../x86_64-linux-gnu -L/usr/lib/gcc/x86_64-linux-gnu/4.9/../../../../lib -L/lib/x86_64-linux-gnu -L/lib/../lib -L/usr/lib/x86_64-linux-gnu -L/usr/lib/../lib -L/opt/intel/Compiler/11.1/073/lib/intel64 -L/usr/lib/gcc/x86_64-linux-gnu/4.9/../../.. -lgfortran -lm -lquadmath'
ac_cv_f77_mangling='lower case, underscore, no extra underscore'
ac_cv_fc_compiler_gnu=yes
ac_cv_fc_dummy_main=none
ac_cv_fc_freeform=none
ac_cv_fc_libs=' -L/usr/lib/gcc/x86_64-linux-gnu/4.9 -L/usr/lib/gcc/x86_64-linux-gnu/4.9/../../../x86_64-linux-gnu -L/usr/lib/gcc/x86_64-linux-gnu/4.9/../../../../lib -L/lib/x86_64-linux-gnu -L/lib/../lib -L/usr/lib/x86_64-linux-gnu -L/usr/lib/../lib -L/opt/intel/Compiler/11.1/073/lib/intel64 -L/usr/lib/gcc/x86_64-linux-gnu/4.9/../../.. -lgfortran -lm -lquadmath'
ac_cv_fc_mangling='lower case, underscore, no extra underscore'
ac_cv_fc_srcext_f90=none
ac_cv_fortran_dummy_main=none
ac_cv_func_alloca_works=yes
ac_cv_func_lstat_dereferences_slashed_symlink=yes
ac_cv_func_malloc_0_nonnull=yes
ac_cv_func_realloc_0_nonnull=yes
ac_cv_func_setvbuf_reversed=no
ac_cv_func_stat_empty_string_bug=no
ac_cv_header_inttypes_h=yes
ac_cv_header_malloc_h=yes
ac_cv_header_memory_h=yes
ac_cv_header_stdc=yes
ac_cv_header_stdint_h=yes
ac_cv_header_stdlib_h=yes
ac_cv_header_string_h=yes
ac_cv_header_strings_h=yes
ac_cv_header_sys_stat_h=yes
ac_cv_header_sys_time_h=yes
ac_cv_header_sys_types_h=yes
ac_cv_header_unistd_h=yes
ac_cv_host=x86_64-unknown-linux-gnu
ac_cv_objext=o
ac_cv_path_EGREP='/bin/grep -E'
ac_cv_path_GREP=/bin/grep
ac_cv_prog_CPP='gcc -E -P'
ac_cv_prog_MPICC=mpicc
ac_cv_prog_PFC=mpif90
ac_cv_prog_ac_ct_AR=ar
ac_cv_prog_ac_ct_CC=gcc
ac_cv_prog_cc_c89=
ac_cv_prog_cc_g=yes
ac_cv_prog_editor=vim
ac_cv_prog_f77_g=yes
ac_cv_prog_f77_v=-v
ac_cv_prog_fc_g=yes
ac_cv_prog_fc_v=-v
ac_cv_prog_make_make_set=yes
ac_cv_type_size_t=yes
ac_cv_working_alloca_h=yes
ax_cv_f90_modflag='-I '

## ----------------- ##
## Output variables. ##
## ----------------- ##

ALLOCA=''
AR='ar'
AR_FLAGS='-ru'
BGQ_str='-'
BLACS_LIBS=''
BLAS_LIBS='/home/marini/Yambo/yambo/LIBs/gf/libblas.a'
BLAS_str='E'
CC='gcc'
CFLAGS='-g -O2 -D_C_US -D_FORTRAN_US'
CPP='gcc -E -P'
CPPFLAGS=''
C_AS_CPP='gcc -E -P'
C_AS_CPP_FLAGS='-P'
DEFS='-DHAVE_CONFIG_H'
DLARAN='dlaran.o'
DP_str='-'
ECHO_C=''
ECHO_N='-n'
ECHO_T=''
EGREP='/bin/grep -E'
ETSF_LIBS=' '
ETSF_str='-'
EXEEXT=''
F77='gfortran'
F90='gfortran'
F90SUFFIX='.f90'
F90_MODULE_FLAG='-I '
FC='mpif90'
FCCPP='cpp -E -P -ansi'
FCFLAGS='-g -O3 -mtune=native '
FCFLAGS_LIBXC='-I /home/marini/Yambo/yambo/INCLUDEs/gf'
FCFLAGS_f90=''
FCFLAGS_f=''
FCLIBS=' -L/usr/lib/gcc/x86_64-linux-gnu/4.9 -L/usr/lib/gcc/x86_64-linux-gnu/4.9/../../../x86_64-linux-gnu -L/usr/lib/gcc/x86_64-linux-gnu/4.9/../../../../lib -L/lib/x86_64-linux-gnu -L/lib/../lib -L/usr/lib/x86_64-linux-gnu -L/usr/lib/../lib -L/opt/intel/Compiler/11.1/073/lib/intel64 -L/usr/lib/gcc/x86_64-linux-gnu/4.9/../../.. -lgfortran -lm -lquadmath'
FCMFLAG=''
FCUFLAGS='-g -O0 -mtune=native'
FFLAGS='-g -O3 -mtune=native'
FFTQELIBS=''
FFT_CPP='-D_FFTW'
FFT_DESCRIPTION='(FFTW v3)'
FFT_LIBS='-L/opt/fftw-3.3.4/lib -lfftw3'
FFT_str='E'
FLIBS=' -L/usr/lib/gcc/x86_64-linux-gnu/4.9 -L/usr/lib/gcc/x86_64-linux-gnu/4.9/../../../x86_64-linux-gnu -L/usr/lib/gcc/x86_64-linux-gnu/4.9/../../../../lib -L/lib/x86_64-linux-gnu -L/lib/../lib -L/usr/lib/x86_64-linux-gnu -L/usr/lib/../lib -L/opt/intel/Compiler/11.1/073/lib/intel64 -L/usr/lib/gcc/x86_64-linux-gnu/4.9/../../.. -lgfortran -lm -lquadmath'
GREP='/bin/grep'
HDF5_LIBS=''
HDF5_str='-'
HDF5_support=''
IOTK_LIBS='/home/marini/Yambo/yambo/LIBs/gf/libiotk.a'
LAPACK_LIBS='/home/marini/Yambo/yambo/LIBs/gf/liblapack.a'
LAPACK_str='E'
LDFLAGS=''
LIBOBJS=''
LIBS='-g -O2  -L/usr/lib/gcc/x86_64-linux-gnu/4.9 -L/usr/lib/gcc/x86_64-linux-gnu/4.9/../../../x86_64-linux-gnu -L/usr/lib/gcc/x86_64-linux-gnu/4.9/../../../../lib -L/lib/x86_64-linux-gnu -L/lib/../lib -L/usr/lib/x86_64-linux-gnu -L/usr/lib/../lib -L/opt/intel/Compiler/11.1/073/lib/intel64 -L/usr/lib/gcc/x86_64-linux-gnu/4.9/../../.. -lgfortran -lm -lquadmath /home/marini/Yambo/yambo/LIBs/gf/liblapack.a /home/marini/Yambo/yambo/LIBs/gf/libblas.a  -L/usr/lib/gcc/x86_64-linux-gnu/4.9 -L/usr/lib/gcc/x86_64-linux-gnu/4.9/../../../x86_64-linux-gnu -L/usr/lib/gcc/x86_64-linux-gnu/4.9/../../../../lib -L/lib/x86_64-linux-gnu -L/lib/../lib -L/usr/lib/x86_64-linux-gnu -L/usr/lib/../lib -L/opt/intel/Compiler/11.1/073/lib/intel64 -L/usr/lib/gcc/x86_64-linux-gnu/4.9/../../.. -lgfortran -lm -lquadmath /home/marini/Yambo/yambo/LIBs/gf/liblapack.a /home/marini/Yambo/yambo/LIBs/gf/libblas.a '
LIBS_LIBXC='/home/marini/Yambo/yambo/LIBs/gf/libxc.a'
LIBXC_str='E'
LTLIBOBJS=''
MAKE='make'
MKMF_PREFIX=' '
MPICC='mpicc'
MPILIBS=' '
MPI_LIB_str='-'
MPI_str='X'
NCFLAGS=''
NCLIBS='-lnetcdff -lnetcdf'
NETCDF_LF_str='(No large files support)'
NETCDF_LIBS='-L/home/marini/Yambo/yambo/LIBs/gf -lnetcdff -lnetcdf'
NETCDF_str='E'
OBJEXT='o'
OMPFLAGS='-fopenmp'
OPENMPLIBS=' '
OPENMP_str='-'
PACKAGE_BUGREPORT='yambo@yambo-code.org'
PACKAGE_NAME='Yambo'
PACKAGE_STRING='Yambo 4.0.2 r.3451 h.3bfefb5 '
PACKAGE_TARNAME='yambo'
PACKAGE_URL=''
PACKAGE_VERSION='4.0.2 r.3451 h.3bfefb5 '
PATH_SEPARATOR=':'
PCC='mpicc'
PCCFLAGS='-g -O2 -D_C_US -D_FORTRAN_US'
PF90='mpif90'
PF90FLAGS='-g -O3 -mtune=native '
PFC='mpif90'
PW_CPP='_P2Y_V50'
PW_VER='5.0'
PW_str='E'
Red_str='X'
SCALAPACK_LIBS=''
SET_MAKE=''
SHASH='3bfefb5'
SHELL='/bin/bash'
SIZEOF_INT_P='8'
SLK_str='-'
SPATCHLEVEL='0'
SREVISION='13572'
SSUBLEVEL='2'
SVERSION='4'
TIMER='ct_cptimer.o'
TIME_profile_str='X'
UFFLAGS='-g -O0 -mtune=native'
UFLAGS=''
ac_ct_CC='gcc'
ac_ct_F77=''
ac_ct_FC=''
bindir='${exec_prefix}/bin'
bluegene_cpp=' '
build='x86_64-unknown-linux-gnu'
build_alias=''
build_cpu='x86_64'
build_os='linux'
build_vendor='unknown'
compile_blas='no'
compile_e2y='no'
compile_etsf='no'
compile_fftqe=''
compile_iotk='no'
compile_lapack='no'
compile_libxc='no'
compile_netcdf='no'
compile_p2y='yes'
datadir='${datarootdir}'
datarootdir='${prefix}/share'
dnetcdf=''
docdir='${datarootdir}/doc/${PACKAGE_TARNAME}'
dp_cpp=''
dscalapack=''
dvidir='${docdir}'
editor='vim'
enable_debug='yes'
enable_dp='no'
enable_keep_extlibs='yes'
enable_keep_src='no'
enable_mpi_libs=''
enable_scalapack='no'
etsf_idir=' '
exec_prefix='/home/marini/Yambo/yambo/master'
fft_cfactor=''
host='x86_64-unknown-linux-gnu'
host_alias=''
host_cpu='x86_64'
host_os='linux-gnu'
host_vendor='unknown'
hostname='anomaly'
htmldir='${docdir}'
ifGNUmake=''
includedir='${prefix}/include'
infodir='${datarootdir}/info'
iotk_idir='-I /home/marini/Yambo/yambo/INCLUDEs/gf'
libdir='${exec_prefix}/lib'
libexecdir='${exec_prefix}/libexec'
localedir='${datarootdir}/locale'
localstatedir='${prefix}/var'
mandir='${datarootdir}/man'
mpi_cpp='-D_MPI'
mpibuild='yes'
netcdf='yes'
netcdf_idir=''
oldincludedir='/usr/include'
openmp_cpp=' '
pdfdir='${docdir}'
prefix='/home/marini/Yambo/yambo/master'
program_transform_name='s,x,x,'
psdir='${docdir}'
sbindir='${exec_prefix}/sbin'
sharedstatedir='${prefix}/com'
srcdir_path='/home/marini/Yambo/yambo/master'
sysconfdir='${prefix}/etc'
target_alias=''
time_profile_cpp='-D_TIMING'

## ----------- ##
## confdefs.h. ##
## ----------- ##

/* confdefs.h */
#define PACKAGE_NAME "Yambo"
#define PACKAGE_TARNAME "yambo"
#define PACKAGE_VERSION "4.0.2 r.3451 h.3bfefb5 "
#define PACKAGE_STRING "Yambo 4.0.2 r.3451 h.3bfefb5 "
#define PACKAGE_BUGREPORT "yambo@yambo-code.org"
#define PACKAGE_URL ""
#define STDC_HEADERS 1
#define HAVE_SYS_TYPES_H 1
#define HAVE_SYS_STAT_H 1
#define HAVE_STDLIB_H 1
#define HAVE_STRING_H 1
#define HAVE_MEMORY_H 1
#define HAVE_STRINGS_H 1
#define HAVE_INTTYPES_H 1
#define HAVE_STDINT_H 1
#define HAVE_UNISTD_H 1
#define HAVE_MALLOC_H 1
#define HAVE_STDLIB_H 1
#define HAVE_UNISTD_H 1
#define HAVE_STRING_H 1
#define HAVE_SYS_TIME_H 1
#define HAVE_ALLOCA_H 1
#define HAVE_ALLOCA 1
#define HAVE_STDLIB_H 1
#define HAVE_MALLOC 1
#define HAVE_STDLIB_H 1
#define HAVE_REALLOC 1
#define LSTAT_FOLLOWS_SLASHED_SYMLINK 1
#define POINTER_SIZE 8
#define FC_FUNC(name,NAME) name ## _
#define FC_FUNC_(name,NAME) name ## _
#define HAVE_BLAS 1
#define HAVE_LAPACK 1
#define HAVE_MPI 1
#define HAVE_MPI 1
#define LIBXC_VERSION 203,
#define HAVE_LIBXC 1

configure: exit 0
